<?xml version="1.0" encoding="UTF-8"?>
<testng-results ignored="0" total="1" passed="1" failed="0" skipped="0">
  <reporter-output>
  </reporter-output>
  <suite started-at="2022-10-10T18:30:43 IST" name="Default suite" finished-at="2022-10-10T18:30:49 IST" duration-ms="5245">
    <groups>
    </groups>
    <test started-at="2022-10-10T18:30:43 IST" name="Default test" finished-at="2022-10-10T18:30:49 IST" duration-ms="5245">
      <class name="com.SauceDemo.TestClass._TC001CheckLoginFunctionality">
        <test-method is-config="true" signature="setup()[pri:0, instance:com.SauceDemo.TestClass._TC001CheckLoginFunctionality@3daa422a]" started-at="2022-10-10T18:30:43 IST" name="setup" finished-at="2022-10-10T18:30:48 IST" duration-ms="4901" status="PASS">
          <reporter-output>
          </reporter-output>
        </test-method> <!-- setup -->
        <test-method signature="verifyloginfunctionality()[pri:0, instance:com.SauceDemo.TestClass._TC001CheckLoginFunctionality@3daa422a]" started-at="2022-10-10T18:30:48 IST" name="verifyloginfunctionality" finished-at="2022-10-10T18:30:48 IST" duration-ms="28" status="PASS">
          <reporter-output>
          </reporter-output>
        </test-method> <!-- verifyloginfunctionality -->
        <test-method is-config="true" signature="tearDown()[pri:0, instance:com.SauceDemo.TestClass._TC001CheckLoginFunctionality@3daa422a]" started-at="2022-10-10T18:30:48 IST" name="tearDown" finished-at="2022-10-10T18:30:49 IST" duration-ms="251" status="PASS">
          <reporter-output>
          </reporter-output>
        </test-method> <!-- tearDown -->
      </class> <!-- com.SauceDemo.TestClass._TC001CheckLoginFunctionality -->
    </test> <!-- Default test -->
  </suite> <!-- Default suite -->
</testng-results>
